<?xml version="1.0" encoding="UTF-8"?>
<robot generator="Robot 3.2.2 (Python 3.9.0 on win32)" generated="20201221 19:33:13.257" rpa="false">
<suite id="s1" name="ValidationProject" source="C:\Users\Lap-Thai\PratiqueSelenium_Test\ValidationProject">
<suite id="s1-s1" name="TestCases" source="C:\Users\Lap-Thai\PratiqueSelenium_Test\ValidationProject\TestCases">
<suite id="s1-s1-s1" name="Validation1TestSuite" source="C:\Users\Lap-Thai\PratiqueSelenium_Test\ValidationProject\TestCases\Validation1TestSuite.robot">
<test id="s1-s1-s1-t1" name="TC_005_ValidateTitle">
<kw name="Open Browser" library="SeleniumLibrary">
<doc>Opens a new browser instance to the optional ``url``.</doc>
<arguments>
<arg>https://test.salesforce.com/</arg>
<arg>gc</arg>
</arguments>
<msg timestamp="20201221 19:33:15.539" level="INFO">Opening browser 'gc' to base url 'https://test.salesforce.com/'.</msg>
<status status="PASS" starttime="20201221 19:33:15.538" endtime="20201221 19:33:24.969"></status>
</kw>
<kw name="Maximize Browser Window" library="SeleniumLibrary">
<doc>Maximizes current browser window.</doc>
<status status="PASS" starttime="20201221 19:33:24.970" endtime="20201221 19:33:27.438"></status>
</kw>
<kw name="Title Should Be" library="SeleniumLibrary">
<doc>Verifies that the current page title equals ``title``.</doc>
<arguments>
<arg>Login | Salesforce</arg>
</arguments>
<msg timestamp="20201221 19:33:28.450" level="INFO">Page title is 'Login | Salesforce'.</msg>
<status status="PASS" starttime="20201221 19:33:27.440" endtime="20201221 19:33:28.451"></status>
</kw>
<kw name="Element Should Be Enabled" library="SeleniumLibrary">
<doc>Verifies that element identified by ``locator`` is enabled.</doc>
<arguments>
<arg>id=username</arg>
</arguments>
<status status="PASS" starttime="20201221 19:33:28.452" endtime="20201221 19:33:29.126"></status>
</kw>
<kw name="Element Should Be Visible" library="SeleniumLibrary">
<doc>Verifies that the element identified by ``locator`` is visible.</doc>
<arguments>
<arg>id=username</arg>
</arguments>
<msg timestamp="20201221 19:33:29.193" level="INFO">Element 'id=username' is displayed.</msg>
<status status="PASS" starttime="20201221 19:33:29.127" endtime="20201221 19:33:29.194"></status>
</kw>
<kw name="Close Browser" library="SeleniumLibrary">
<doc>Closes the current browser.</doc>
<status status="PASS" starttime="20201221 19:33:29.194" endtime="20201221 19:33:32.689"></status>
</kw>
<status status="PASS" starttime="20201221 19:33:15.537" endtime="20201221 19:33:32.690" critical="yes"></status>
</test>
<status status="PASS" starttime="20201221 19:33:13.738" endtime="20201221 19:33:32.692"></status>
</suite>
<status status="PASS" starttime="20201221 19:33:13.708" endtime="20201221 19:33:32.698"></status>
</suite>
<status status="PASS" starttime="20201221 19:33:13.573" endtime="20201221 19:33:32.703"></status>
</suite>
<statistics>
<total>
<stat pass="1" fail="0">Critical Tests</stat>
<stat pass="1" fail="0">All Tests</stat>
</total>
<tag>
</tag>
<suite>
<stat pass="1" fail="0" id="s1" name="ValidationProject">ValidationProject</stat>
<stat pass="1" fail="0" id="s1-s1" name="TestCases">ValidationProject.TestCases</stat>
<stat pass="1" fail="0" id="s1-s1-s1" name="Validation1TestSuite">ValidationProject.TestCases.Validation1TestSuite</stat>
</suite>
</statistics>
<errors>
</errors>
</robot>
